================================================================================
測試案例: 進⼊ Nx Cloud
執行時間: 2026-01-22 20:51:21
執行命令: C:\Python314\python.exe -m pytest D:\nxwitness-demo\tests\test_runner.py --test_name 進⼊ Nx Cloud -v -s --tb=short
工作目錄: D:\nxwitness-demo
================================================================================

============================= test session starts =============================
platform win32 -- Python 3.14.2, pytest-9.0.2, pluggy-1.6.0 -- C:\Python314\python.exe
cachedir: .pytest_cache
rootdir: D:\nxwitness-demo
plugins: anyio-4.12.1
collecting ... collected 1 item

tests/test_runner.py::test_main_flow[\u9032\u2f0a Nx Cloud-steps0] >>> [CASE_2-1]  Case 2-1: iJ Nx Cloud
>>> [CASE_2-1] Lkl TestReporter: type object 'TestReporter' has no attribute 'get_instance'
>>> [CASE_2-1] BJ 1: IekW㸹...
>>> [NX_CLOUD] [CLICK] IkW㸹]ϥήyС^...
>>> [SMART_CLICK] [START] Finding target: text='None', image='None', timeout=1s
>>> [SMART_CLICK] [TIMEOUT] Recognition timeout (1s), attempted strategies: 0
>>> [SMART_CLICK] [FAIL] All strategies failed (No available recognition methods).
>>> [SMART_CLICK] [COORD] Trying Coordinate Strategy: Ratio (0.850, 0.020)...
>>> [CLICK_COORD] Iy: (1632, 24), ʧ@=
>>> [CLICK_COORD] Iy: (1632, 24), ʧ@=
[CLICK_COORD] Iy: (1632, 24), ʧ@=
>>> [SMART_CLICK] [COORD] Success. Final coordinates: (1632, 24)
>>> [NX_CLOUD] [OK] \I㸹Aݿi}...
>>> [CASE_2-1] BJ 2: Iu} Nx Cloud v...
>>> [NX_CLOUD] [CLICK] Iu} Nx Cloud v...
>>> [NX_CLOUD] [ROI] jMϰ: left=768, top=60, width=768, height=300
>>> [SMART_CLICK] [START] Finding target: text='None', image='desktop_settings/open_nx_web.png', timeout=5s
>>> [SMART_CLICK] [TIMEOUT] Recognition timeout (5s), attempted strategies: 0
>>> [SMART_CLICK] [FAIL] All strategies failed (No available recognition methods).
>>> [SMART_CLICK] [COORD] Trying Coordinate Strategy: Ratio (0.850, 0.050)...
>>> [CLICK_COORD] Iy: (1632, 60), ʧ@=
>>> [CLICK_COORD] Iy: (1632, 60), ʧ@=
[CLICK_COORD] Iy: (1632, 60), ʧ@=
>>> [SMART_CLICK] [COORD] Success. Final coordinates: (1632, 60)
>>> [NX_CLOUD] [OK] \Iu} Nx Cloud vAChrome |۰ʥ}ø...
>>> [CASE_2-1] BJ 3:  Chrome X{...
>>> [NX_CLOUD] [WAIT]  Chrome X{]I|۰ʥ}AW: 10 ^...
>>> [NX_CLOUD] [OK]  Chrome : 'RW - Google Chrome' (1938x1158)
>>> [CASE_2-1] BJ 4: qs URL...
>>> [NX_CLOUD] [GET_URL] ձqs URL...
>>> [NX_CLOUD] [GET_URL] oe Ctrl+L (EJ}C)
>>> [NX_CLOUD] [GET_URL] oe Ctrl+C (ƻs})
>>> [NX_CLOUD] [GET_URL] \ URL: https://nx-cn.nxvms.cloud/systems
>>> [NX_CLOUD] [GET_URL] s (Ctrl+W)...
>>> [CASE_2-1] BJ 5: Ұʷs WebDriver þɯ URL...
>>> [NX_CLOUD_WEB] [START_NEW] Ұʷs Driver þɯ: https://nx-cn.nxvms.cloud/systems
>>> [NX_CLOUD_WEB] [START_NEW] \Ұʷs Driver þɯ: https://nx-cn.nxvms.cloud/systems
>>> [NX_CLOUD_WEB] [LANG] yc餤...
>>> [NX_CLOUD_WEB] [LANG] BJ 1: IyUԿbY...
>>> [NX_CLOUD_WEB] [LANG] [ERROR] ݻyW
>>> [NX_CLOUD_WEB] [START_NEW] yѡA~y{
>>> [CASE_2-1] BJ 6: ˬdnsO_sb...
>>> [NX_CLOUD_WEB] [CHECK] ˬdkWnJsO_sb...
>>> [NX_CLOUD_WEB] [CHECK] e URL: https://nx-cn.nxvms.cloud/authorize?client_type=loginCloud&view_type=web&redirect_uri=https:%2F%2Fnx-cn.nxvms.cloud%2Fsystems&client_id=cloud_portal&response_type=code&grant_type=password
>>> [NX_CLOUD_WEB] [CHECK] D: Authorization - Nx Cloud
>>> [NX_CLOUD_WEB] [CHECK]  locator: By.XPATH = '//a[normalize-space()='nJ']'
>>> [NX_CLOUD_WEB] [WARN] nJs]Wɡ^
>>> [CASE_2-1] nssbAiwgnALny{
>>> [OK] Case 2-1 GwiJ Nx Cloud
>>> [CASE_2-1] [INFO] swOdAiΩBJ
