================================================================================
測試案例: 調閱⼀個錄影事件回放
執行時間: 2026-01-22 20:37:29
執行命令: C:\Python314\python.exe -m pytest D:\nxwitness-demo\tests\test_runner.py --test_name 調閱⼀個錄影事件回放 -v -s --tb=short
工作目錄: D:\nxwitness-demo
================================================================================

============================= test session starts =============================
platform win32 -- Python 3.14.2, pytest-9.0.2, pluggy-1.6.0 -- C:\Python314\python.exe
cachedir: .pytest_cache
rootdir: D:\nxwitness-demo
plugins: anyio-4.12.1
collecting ... collected 1 item

tests/test_runner.py::test_main_flow[\u8abf\u95b1\u2f00\u500b\u9304\u5f71\u4e8b\u4ef6\u56de\u653e-steps0] >>> [CASE_2-2]  Case 2-2: վ\@ӿvƥ^
>>> [CASE_2-2] Driver sAխss{ Debug Chrome (Port 9222)...
>>> [NX_CLOUD_WEB] [ATTACH] ճs Remote Debugging Port 9222...
>>> [NX_CLOUD_WEB] [ATTACH] [OK] \s ChromeAe URL: https://nx-cn.nxvms.cloud/systems
>>> [CASE_2-2] [OK] ss\I~աC
>>> [CASE_2-2] e}: https://nx-cn.nxvms.cloud/systems
>>> [CASE_2-2] BJ 1: Iudݡvñ...
>>> [NX_CLOUD_WEB] [CLICK] Iudݡvñ...
>>> [NX_CLOUD_WEB] [CLICK] e URL: https://nx-cn.nxvms.cloud/systems
>>> [NX_CLOUD_WEB] [CLICK] D: Sites - Nx Cloud
>>> [NX_CLOUD_WEB] [CLICK]  locator: By.XPATH = '//div[@class='menu-items']//div[contains(normalize-space(@class),'outer-menu-item') and normalize-space()='d']/a[contains(normalize-space(@class),'anchor')]'
>>> [NX_CLOUD_WEB] [OK] \Iudݡvñ
>>> [CASE_2-2] BJ 2: I server...
>>> [NX_CLOUD_WEB] [CLICK] I server...
>>> [NX_CLOUD_WEB] [CLICK] e URL: https://nx-cn.nxvms.cloud/systems/dddaff35-32c0-4a07-9bed-2c6bc4773d60/view
>>> [NX_CLOUD_WEB] [CLICK] D: Nx Cloud - Cloud Portal
>>> [NX_CLOUD_WEB] [CLICK]  locator: By.XPATH = '//div[@class='server online ng-star-inserted']'
>>> [NX_CLOUD_WEB] [OK] \I server
>>> [CASE_2-2] BJ 3: I usb-cam...
>>> [NX_CLOUD_WEB] [CLICK] I usb-cam...
>>> [NX_CLOUD_WEB] [CLICK] e URL: https://nx-cn.nxvms.cloud/systems/dddaff35-32c0-4a07-9bed-2c6bc4773d60/view/024eab53-41a8-69c2-2e34-5a69ffaaef94
>>> [NX_CLOUD_WEB] [CLICK] D: Nx Cloud - Cloud Portal
>>> [NX_CLOUD_WEB] [CLICK]  locator: By.XPATH = '//span[nx-search-highlight[normalize-space()='usb_cam-ACER HD User Facing']]'
>>> [NX_CLOUD_WEB] [OK] \I usb-cam
>>> [CASE_2-2] BJ 4:  video 񪬺A...
>>> [NX_CLOUD_WEB] [VIDEO] }lˬdvJA (Timeout: 20s)...
>>> [NX_CLOUD_WEB] [VIDEO] [TIMEOUT] ݼvJW (20s)
>>> [CASE_2-2] [ERROR]  video 񪬺A
