================================================================================
測試案例: Mobile-Nx Witness mobile 登入 Nx Cloud
執行時間: 2026-01-23 09:21:45
執行命令: C:\Python314\python.exe -m pytest D:\nxwitness-demo\tests\test_runner.py --test_name Mobile-Nx Witness mobile 登入 Nx Cloud -v -s --tb=short
工作目錄: D:\nxwitness-demo
================================================================================

============================= test session starts =============================
platform win32 -- Python 3.14.2, pytest-9.0.2, pluggy-1.6.0 -- C:\Python314\python.exe
cachedir: .pytest_cache
rootdir: D:\nxwitness-demo
plugins: anyio-4.12.1
collecting ... collected 1 item

tests/test_runner.py::test_main_flow[Mobile-Nx Witness mobile \u767b\u5165 Nx Cloud-steps0] 
[系統] [時間戳: 09:21:46] 偵測到移動端測試需求，啟動 Appium WebDriver...
>>> [MOBILE_TOOLKIT] [時間戳: 09:21:46] 開始初始化 Appium WebDriver...
>>> [MOBILE_TOOLKIT] 未指定 Android 版本，將使用第一個可用設備的版本
>>> [MOBILE_TOOLKIT] [時間戳: 09:21:46] 未指定 Activity，嘗試自動查找主 Activity...
>>> [MOBILE_TOOLKIT] 無法查找主 Activity: 'NoneType' object has no attribute 'split'
>>> [MOBILE_TOOLKIT] [耗時: 0.55s] 無法自動查找 Activity，讓 Appium 自動處理: com.networkoptix.nxwitness
>>> [MOBILE_TOOLKIT] 已設置 dontStopAppOnReset=True，防止 App 被停止
>>> [MOBILE_TOOLKIT] 已設置 autoLaunch=True
>>> [MOBILE_TOOLKIT] [時間戳: 09:21:47] 檢查 Appium Server 是否可用: localhost:4723
>>> [MOBILE_TOOLKIT] [OK] 端口 4723 已開放
>>> [MOBILE_TOOLKIT] 檢查 Appium Server 狀態: http://localhost:4723/status
>>> [MOBILE_TOOLKIT] [OK] Appium Server 狀態正常
>>> [MOBILE_TOOLKIT] [時間戳: 09:21:49] 正在連接到 Appium Server: http://localhost:4723
>>> [MOBILE_TOOLKIT] 設置連接超時: 300 秒
>>> [MOBILE_TOOLKIT] [等待中...] 已等待 5 秒，還剩 295 秒...
>>> [MOBILE_TOOLKIT] [等待中...] 已等待 10 秒，還剩 290 秒...
>>> [MOBILE_TOOLKIT] [等待中...] 已等待 15 秒，還剩 285 秒...
>>> [MOBILE_TOOLKIT] [等待中...] 已等待 20 秒，還剩 280 秒...
>>> [MOBILE_TOOLKIT] [等待中...] 已等待 25 秒，還剩 275 秒...
>>> [MOBILE_TOOLKIT] [等待中...] 已等待 30 秒，還剩 270 秒...
>>> [MOBILE_TOOLKIT] [等待中...] 已等待 35 秒，還剩 265 秒...
>>> [MOBILE_TOOLKIT] [等待中...] 已等待 40 秒，還剩 260 秒...
>>> [MOBILE_TOOLKIT] [等待中...] 已等待 45 秒，還剩 255 秒...
>>> [MOBILE_TOOLKIT] [等待中...] 已等待 50 秒，還剩 250 秒...
>>> [MOBILE_TOOLKIT] [等待中...] 已等待 55 秒，還剩 245 秒...
>>> [MOBILE_TOOLKIT] [等待中...] 已等待 60 秒，還剩 240 秒...
>>> [MOBILE_TOOLKIT] [等待中...] 已等待 65 秒，還剩 235 秒...
>>> [MOBILE_TOOLKIT] [等待中...] 已等待 70 秒，還剩 230 秒...
