================================================================================
測試案例: 進⼊ Nx Cloud
執行時間: 2026-01-22 20:55:36
執行命令: C:\Python314\python.exe -m pytest D:\nxwitness-demo\tests\test_runner.py --test_name 進⼊ Nx Cloud -v -s --tb=short
工作目錄: D:\nxwitness-demo
================================================================================

============================= test session starts =============================
platform win32 -- Python 3.14.2, pytest-9.0.2, pluggy-1.6.0 -- C:\Python314\python.exe
cachedir: .pytest_cache
rootdir: D:\nxwitness-demo
plugins: anyio-4.12.1
collecting ... collected 1 item

tests/test_runner.py::test_main_flow[\u9032\u2f0a Nx Cloud-steps0] >>> [CASE_2-1]  Case 2-1: iJ Nx Cloud
>>> [CASE_2-1] Lkl TestReporter: type object 'TestReporter' has no attribute 'get_instance'
>>> [CASE_2-1] BJ 1: IekW㸹...
>>> [NX_CLOUD] [CLICK] IkW㸹]ϥήyС^...
>>> [SMART_CLICK] [START] Finding target: text='None', image='None', timeout=1s
>>> [SMART_CLICK] [TIMEOUT] Recognition timeout (1s), attempted strategies: 0
>>> [SMART_CLICK] [FAIL] All strategies failed (No available recognition methods).
>>> [SMART_CLICK] [COORD] Trying Coordinate Strategy: Ratio (0.850, 0.020)...
>>> [CLICK_COORD] Iy: (1632, 24), ʧ@=
>>> [CLICK_COORD] Iy: (1632, 24), ʧ@=
[CLICK_COORD] Iy: (1632, 24), ʧ@=
>>> [SMART_CLICK] [COORD] Success. Final coordinates: (1632, 24)
>>> [NX_CLOUD] [OK] \I㸹Aݿi}...
>>> [CASE_2-1] BJ 2: Iu} Nx Cloud v...
>>> [NX_CLOUD] [CLICK] Iu} Nx Cloud v...
>>> [NX_CLOUD] [ROI] jMϰ: left=768, top=60, width=768, height=300
>>> [SMART_CLICK] [START] Finding target: text='None', image='desktop_settings/open_nx_web.png', timeout=5s
>>> [SMART_CLICK] [TIMEOUT] Recognition timeout (5s), attempted strategies: 0
>>> [SMART_CLICK] [FAIL] All strategies failed (No available recognition methods).
>>> [SMART_CLICK] [COORD] Trying Coordinate Strategy: Ratio (0.850, 0.050)...
>>> [CLICK_COORD] Iy: (1632, 60), ʧ@=
>>> [CLICK_COORD] Iy: (1632, 60), ʧ@=
[CLICK_COORD] Iy: (1632, 60), ʧ@=
>>> [SMART_CLICK] [COORD] Success. Final coordinates: (1632, 60)
>>> [NX_CLOUD] [OK] \Iu} Nx Cloud vAChrome |۰ʥ}ø...
>>> [CASE_2-1] BJ 3:  Chrome X{...
>>> [NX_CLOUD] [WAIT]  Chrome X{]I|۰ʥ}AW: 10 ^...
>>> [NX_CLOUD] [OK]  Chrome : 'nx-cn.nxvms.cloud/?from=client&context=menu - Google Chrome' (1938x1158)
>>> [CASE_2-1] BJ 4: qs URL...
>>> [NX_CLOUD] [GET_URL] ձqs URL...
>>> [NX_CLOUD] [GET_URL] oe Ctrl+L (EJ}C)
>>> [NX_CLOUD] [GET_URL] oe Ctrl+C (ƻs})
>>> [NX_CLOUD] [GET_URL] \ URL: https://nx-cn.nxvms.cloud/?from=client&context=menu
>>> [NX_CLOUD] [GET_URL] s (Ctrl+W)...
>>> [CASE_2-1] BJ 5: Ұʷs WebDriver þɯ URL...
>>> [NX_CLOUD_WEB] [START_NEW] Ұʷs Driver þɯ: https://nx-cn.nxvms.cloud/?from=client&context=menu
>>> [NX_CLOUD_WEB] [START_NEW] \Ұʷs Driver þɯ: https://nx-cn.nxvms.cloud/?from=client&context=menu
>>> [NX_CLOUD_WEB] [LANG] yc餤...
>>> [NX_CLOUD_WEB] [LANG] BJ 1: IyUԿbY...
>>> [NX_CLOUD_WEB] [LANG] \IyUԿbY
>>> [NX_CLOUD_WEB] [LANG] BJ 2: ռɤOIҦi઺c餤ﶵ...
>>> [NX_CLOUD_WEB] [LANG] [DEBUG] wIϡ]Ie^: D:\nxwitness-demo\logs\lang_switch_before_1769086557.png
>>> [NX_CLOUD_WEB] [LANG] [DEBUG] UԿO_sb: True, O_i: True
>>> [NX_CLOUD_WEB] [LANG] [DEBUG]  XPath: //li//a[contains(., 'c^')] | //a[contains(., 'c^')]
>>> [NX_CLOUD_WEB] [LANG] [DEBUG]  1 ӥi઺ 'c餤' 
>>> [NX_CLOUD_WEB] [LANG] [DEBUG]  0 ԲӫH:
>>>    - Tag: a
>>>    - Text: 'c^c^'
>>>    - Visible: True
>>>    - Enabled: True
>>>    - Location: {'x': 1366, 'y': 95}
>>>    - Size: {'height': 26, 'width': 160}
>>> [NX_CLOUD_WEB] [LANG] [DEBUG] չ露 0  JS I...
>>> [NX_CLOUD_WEB] [LANG] [SUCCESS] wi 0  JS I
>>> [NX_CLOUD_WEB] [LANG] [DEBUG] I URL: https://nx-cn.nxvms.cloud/?from=client&context=menu
>>> [NX_CLOUD_WEB] [LANG] [DEBUG] IᤸO_i: False
>>> [NX_CLOUD_WEB] [LANG] [DEBUG] wIϡ]I^: D:\nxwitness-demo\logs\lang_switch_after_1769086557.png
>>> [NX_CLOUD_WEB] [LANG] [SUCCESS] yާ@
>>> [CASE_2-1] BJ 6: ˬdnsO_sb...
>>> [NX_CLOUD_WEB] [CHECK] ˬdkWnJsO_sb...
>>> [NX_CLOUD_WEB] [CHECK] e URL: https://nx-cn.nxvms.cloud/?from=client&context=menu
>>> [NX_CLOUD_WEB] [CHECK] D: Nx Cloud
>>> [NX_CLOUD_WEB] [CHECK]  locator: By.XPATH = '//a[normalize-space()='nJ']'
>>> [NX_CLOUD_WEB] [OK] nJs
>>> [NX_CLOUD_WEB] [OK] sH: tag=a, text='nJ', displayed=True, enabled=True
>>> [CASE_2-1] nssbAiJny{...
>>> [CASE_2-1] BJ 6.1: Ins...
>>> [NX_CLOUD_WEB] [CLICK] InJs...
>>> [NX_CLOUD_WEB] [OK] \InJs
>>> [CASE_2-1] BJ 6.2: Jlc...
>>> [NX_CLOUD_WEB] [INPUT] Jlc: billy.19920917@gmail.com
>>> [NX_CLOUD_WEB] [OK] \Jlc: billy.19920917@gmail.com
>>> [CASE_2-1] BJ 6.3: IiU@Bj...
>>> [NX_CLOUD_WEB] [CLICK] IiU@Bjs...
>>> [NX_CLOUD_WEB] [OK] \IiU@Bjs
>>> [CASE_2-1] BJ 6.4: JKX...
>>> [NX_CLOUD_WEB] [INPUT] JKX...
>>> [NX_CLOUD_WEB] [OK] \JKX
>>> [CASE_2-1] BJ 6.5: Iinj...
>>> [NX_CLOUD_WEB] [CLICK] IinJjs...
>>> [NX_CLOUD_WEB] [OK] \IinJjs
>>> [OK] Case 2-1 GwiJ Nx Cloud
>>> [CASE_2-1] [INFO] swOdAiΩBJ
